CRITICAL - 2023-05-14 04:45:11 --> Call to undefined function rupiah()
in APPPATH\Views\pages\home.php on line 44.
 1 SYSTEMPATH\View\View.php(213): include()
 2 SYSTEMPATH\View\View.php(216): CodeIgniter\View\View->CodeIgniter\View\{closure}()
 3 SYSTEMPATH\Common.php(1184): CodeIgniter\View\View->render('pages/home', [], true)
 4 APPPATH\Controllers\MainController.php(23): view('pages/home')
 5 SYSTEMPATH\CodeIgniter.php(934): App\Controllers\MainController->index()
 6 SYSTEMPATH\CodeIgniter.php(499): CodeIgniter\CodeIgniter->runController(Object(App\Controllers\MainController))
 7 SYSTEMPATH\CodeIgniter.php(368): CodeIgniter\CodeIgniter->handleRequest(null, Object(Config\Cache), false)
 8 FCPATH\index.php(67): CodeIgniter\CodeIgniter->run()
 9 SYSTEMPATH\Commands\Server\rewrite.php(47): require_once('C:\\xampp\\htdocs\\semester4\\ProjectBengkelCI4\\public\\index.php')
CRITICAL - 2023-05-14 04:47:45 --> Call to undefined function rupiah()
in APPPATH\Views\pages\home.php on line 44.
 1 SYSTEMPATH\View\View.php(213): include()
 2 SYSTEMPATH\View\View.php(216): CodeIgniter\View\View->CodeIgniter\View\{closure}()
 3 SYSTEMPATH\Common.php(1184): CodeIgniter\View\View->render('pages/home', [], true)
 4 APPPATH\Controllers\MainController.php(23): view('pages/home')
 5 SYSTEMPATH\CodeIgniter.php(934): App\Controllers\MainController->index()
 6 SYSTEMPATH\CodeIgniter.php(499): CodeIgniter\CodeIgniter->runController(Object(App\Controllers\MainController))
 7 SYSTEMPATH\CodeIgniter.php(368): CodeIgniter\CodeIgniter->handleRequest(null, Object(Config\Cache), false)
 8 FCPATH\index.php(67): CodeIgniter\CodeIgniter->run()
 9 SYSTEMPATH\Commands\Server\rewrite.php(47): require_once('C:\\xampp\\htdocs\\semester4\\ProjectBengkelCI4\\public\\index.php')
CRITICAL - 2023-05-14 04:47:47 --> Call to undefined function rupiah()
in APPPATH\Views\pages\home.php on line 44.
 1 SYSTEMPATH\View\View.php(213): include()
 2 SYSTEMPATH\View\View.php(216): CodeIgniter\View\View->CodeIgniter\View\{closure}()
 3 SYSTEMPATH\Common.php(1184): CodeIgniter\View\View->render('pages/home', [], true)
 4 APPPATH\Controllers\MainController.php(23): view('pages/home')
 5 SYSTEMPATH\CodeIgniter.php(934): App\Controllers\MainController->index()
 6 SYSTEMPATH\CodeIgniter.php(499): CodeIgniter\CodeIgniter->runController(Object(App\Controllers\MainController))
 7 SYSTEMPATH\CodeIgniter.php(368): CodeIgniter\CodeIgniter->handleRequest(null, Object(Config\Cache), false)
 8 FCPATH\index.php(67): CodeIgniter\CodeIgniter->run()
 9 SYSTEMPATH\Commands\Server\rewrite.php(47): require_once('C:\\xampp\\htdocs\\semester4\\ProjectBengkelCI4\\public\\index.php')
CRITICAL - 2023-05-14 04:48:05 --> Call to undefined function rupiah()
in APPPATH\Views\pages\home.php on line 44.
 1 SYSTEMPATH\View\View.php(213): include()
 2 SYSTEMPATH\View\View.php(216): CodeIgniter\View\View->CodeIgniter\View\{closure}()
 3 SYSTEMPATH\Common.php(1184): CodeIgniter\View\View->render('pages/home', [], true)
 4 APPPATH\Controllers\MainController.php(23): view('pages/home')
 5 SYSTEMPATH\CodeIgniter.php(934): App\Controllers\MainController->index()
 6 SYSTEMPATH\CodeIgniter.php(499): CodeIgniter\CodeIgniter->runController(Object(App\Controllers\MainController))
 7 SYSTEMPATH\CodeIgniter.php(368): CodeIgniter\CodeIgniter->handleRequest(null, Object(Config\Cache), false)
 8 FCPATH\index.php(67): CodeIgniter\CodeIgniter->run()
 9 SYSTEMPATH\Commands\Server\rewrite.php(47): require_once('C:\\xampp\\htdocs\\semester4\\ProjectBengkelCI4\\public\\index.php')
CRITICAL - 2023-05-14 04:48:07 --> Call to undefined function rupiah()
in APPPATH\Views\pages\home.php on line 44.
 1 SYSTEMPATH\View\View.php(213): include()
 2 SYSTEMPATH\View\View.php(216): CodeIgniter\View\View->CodeIgniter\View\{closure}()
 3 SYSTEMPATH\Common.php(1184): CodeIgniter\View\View->render('pages/home', [], true)
 4 APPPATH\Controllers\MainController.php(23): view('pages/home')
 5 SYSTEMPATH\CodeIgniter.php(934): App\Controllers\MainController->index()
 6 SYSTEMPATH\CodeIgniter.php(499): CodeIgniter\CodeIgniter->runController(Object(App\Controllers\MainController))
 7 SYSTEMPATH\CodeIgniter.php(368): CodeIgniter\CodeIgniter->handleRequest(null, Object(Config\Cache), false)
 8 FCPATH\index.php(67): CodeIgniter\CodeIgniter->run()
 9 SYSTEMPATH\Commands\Server\rewrite.php(47): require_once('C:\\xampp\\htdocs\\semester4\\ProjectBengkelCI4\\public\\index.php')
CRITICAL - 2023-05-14 04:48:19 --> Undefined variable $today_service
in APPPATH\Views\pages\home.php on line 43.
 1 APPPATH\Views\pages\home.php(43): CodeIgniter\Debug\Exceptions->errorHandler(2, 'Undefined variable $today_service', 'C:\\xampp\\htdocs\\semester4\\ProjectBengkelCI4\\app\\Views\\pages\\home.php', 43)
 2 SYSTEMPATH\View\View.php(213): include('C:\\xampp\\htdocs\\semester4\\ProjectBengkelCI4\\app\\Views\\pages\\home.php')
 3 SYSTEMPATH\View\View.php(216): CodeIgniter\View\View->CodeIgniter\View\{closure}()
 4 SYSTEMPATH\Common.php(1184): CodeIgniter\View\View->render('pages/home', [], true)
 5 APPPATH\Controllers\MainController.php(23): view('pages/home')
 6 SYSTEMPATH\CodeIgniter.php(934): App\Controllers\MainController->index()
 7 SYSTEMPATH\CodeIgniter.php(499): CodeIgniter\CodeIgniter->runController(Object(App\Controllers\MainController))
 8 SYSTEMPATH\CodeIgniter.php(368): CodeIgniter\CodeIgniter->handleRequest(null, Object(Config\Cache), false)
 9 FCPATH\index.php(67): CodeIgniter\CodeIgniter->run()
10 SYSTEMPATH\Commands\Server\rewrite.php(47): require_once('C:\\xampp\\htdocs\\semester4\\ProjectBengkelCI4\\public\\index.php')
CRITICAL - 2023-05-14 04:48:26 --> Undefined variable $today_items_sold
in APPPATH\Views\pages\home.php on line 42.
 1 APPPATH\Views\pages\home.php(42): CodeIgniter\Debug\Exceptions->errorHandler(2, 'Undefined variable $today_items_sold', 'C:\\xampp\\htdocs\\semester4\\ProjectBengkelCI4\\app\\Views\\pages\\home.php', 42)
 2 SYSTEMPATH\View\View.php(213): include('C:\\xampp\\htdocs\\semester4\\ProjectBengkelCI4\\app\\Views\\pages\\home.php')
 3 SYSTEMPATH\View\View.php(216): CodeIgniter\View\View->CodeIgniter\View\{closure}()
 4 SYSTEMPATH\Common.php(1184): CodeIgniter\View\View->render('pages/home', [], true)
 5 APPPATH\Controllers\MainController.php(23): view('pages/home')
 6 SYSTEMPATH\CodeIgniter.php(934): App\Controllers\MainController->index()
 7 SYSTEMPATH\CodeIgniter.php(499): CodeIgniter\CodeIgniter->runController(Object(App\Controllers\MainController))
 8 SYSTEMPATH\CodeIgniter.php(368): CodeIgniter\CodeIgniter->handleRequest(null, Object(Config\Cache), false)
 9 FCPATH\index.php(67): CodeIgniter\CodeIgniter->run()
10 SYSTEMPATH\Commands\Server\rewrite.php(47): require_once('C:\\xampp\\htdocs\\semester4\\ProjectBengkelCI4\\public\\index.php')
INFO - 2023-05-14 04:48:41 --> Session: Class initialized using 'CodeIgniter\Session\Handlers\FileHandler' driver.
INFO - 2023-05-14 04:48:55 --> Session: Class initialized using 'CodeIgniter\Session\Handlers\FileHandler' driver.
