INFO - 2023-05-15 02:49:54 --> Session: Class initialized using 'CodeIgniter\Session\Handlers\FileHandler' driver.
ERROR - 2023-05-15 02:50:37 --> Error connecting to the database: mysqli_sql_exception: Access denied for user ''@'localhost' (using password: NO) in C:\xampp\htdocs\semester4\ProjectBengkelCI4\system\Database\MySQLi\Connection.php:174
Stack trace:
#0 C:\xampp\htdocs\semester4\ProjectBengkelCI4\system\Database\MySQLi\Connection.php(174): mysqli->real_connect('localhost', '', '', '', 3306, '', 0)
#1 C:\xampp\htdocs\semester4\ProjectBengkelCI4\system\Database\BaseConnection.php(391): CodeIgniter\Database\MySQLi\Connection->connect(false)
#2 C:\xampp\htdocs\semester4\ProjectBengkelCI4\system\Database\BaseConnection.php(574): CodeIgniter\Database\BaseConnection->initialize()
#3 C:\xampp\htdocs\semester4\ProjectBengkelCI4\system\Database\BaseBuilder.php(1616): CodeIgniter\Database\BaseConnection->query('SELECT *\nFROM `...', Array, false)
#4 C:\xampp\htdocs\semester4\ProjectBengkelCI4\system\Model.php(241): CodeIgniter\Database\BaseBuilder->get()
#5 C:\xampp\htdocs\semester4\ProjectBengkelCI4\system\BaseModel.php(618): CodeIgniter\Model->doFindAll(0, 0)
#6 C:\xampp\htdocs\semester4\ProjectBengkelCI4\app\Controllers\SupplierController.php(48): CodeIgniter\BaseModel->findAll()
#7 C:\xampp\htdocs\semester4\ProjectBengkelCI4\system\CodeIgniter.php(934): App\Controllers\SupplierController->create()
#8 C:\xampp\htdocs\semester4\ProjectBengkelCI4\system\CodeIgniter.php(499): CodeIgniter\CodeIgniter->runController(Object(App\Controllers\SupplierController))
#9 C:\xampp\htdocs\semester4\ProjectBengkelCI4\system\CodeIgniter.php(368): CodeIgniter\CodeIgniter->handleRequest(NULL, Object(Config\Cache), false)
#10 C:\xampp\htdocs\semester4\ProjectBengkelCI4\public\index.php(67): CodeIgniter\CodeIgniter->run()
#11 C:\xampp\htdocs\semester4\ProjectBengkelCI4\system\Commands\Server\rewrite.php(47): require_once('C:\\xampp\\htdocs...')
#12 {main}

Next CodeIgniter\Database\Exceptions\DatabaseException: Access denied for user ''@'localhost' (using password: NO) in C:\xampp\htdocs\semester4\ProjectBengkelCI4\system\Database\MySQLi\Connection.php:218
Stack trace:
#0 C:\xampp\htdocs\semester4\ProjectBengkelCI4\system\Database\BaseConnection.php(391): CodeIgniter\Database\MySQLi\Connection->connect(false)
#1 C:\xampp\htdocs\semester4\ProjectBengkelCI4\system\Database\BaseConnection.php(574): CodeIgniter\Database\BaseConnection->initialize()
#2 C:\xampp\htdocs\semester4\ProjectBengkelCI4\system\Database\BaseBuilder.php(1616): CodeIgniter\Database\BaseConnection->query('SELECT *\nFROM `...', Array, false)
#3 C:\xampp\htdocs\semester4\ProjectBengkelCI4\system\Model.php(241): CodeIgniter\Database\BaseBuilder->get()
#4 C:\xampp\htdocs\semester4\ProjectBengkelCI4\system\BaseModel.php(618): CodeIgniter\Model->doFindAll(0, 0)
#5 C:\xampp\htdocs\semester4\ProjectBengkelCI4\app\Controllers\SupplierController.php(48): CodeIgniter\BaseModel->findAll()
#6 C:\xampp\htdocs\semester4\ProjectBengkelCI4\system\CodeIgniter.php(934): App\Controllers\SupplierController->create()
#7 C:\xampp\htdocs\semester4\ProjectBengkelCI4\system\CodeIgniter.php(499): CodeIgniter\CodeIgniter->runController(Object(App\Controllers\SupplierController))
#8 C:\xampp\htdocs\semester4\ProjectBengkelCI4\system\CodeIgniter.php(368): CodeIgniter\CodeIgniter->handleRequest(NULL, Object(Config\Cache), false)
#9 C:\xampp\htdocs\semester4\ProjectBengkelCI4\public\index.php(67): CodeIgniter\CodeIgniter->run()
#10 C:\xampp\htdocs\semester4\ProjectBengkelCI4\system\Commands\Server\rewrite.php(47): require_once('C:\\xampp\\htdocs...')
#11 {main}
CRITICAL - 2023-05-15 02:50:37 --> Unable to connect to the database.
Main connection [MySQLi]: Access denied for user ''@'localhost' (using password: NO)
in SYSTEMPATH\Database\BaseConnection.php on line 427.
 1 SYSTEMPATH\Database\BaseConnection.php(574): CodeIgniter\Database\BaseConnection->initialize()
 2 SYSTEMPATH\Database\BaseBuilder.php(1616): CodeIgniter\Database\BaseConnection->query('SELECT *
FROM `suppliers`', [], false)
 3 SYSTEMPATH\Model.php(241): CodeIgniter\Database\BaseBuilder->get()
 4 SYSTEMPATH\BaseModel.php(618): CodeIgniter\Model->doFindAll(0, 0)
 5 APPPATH\Controllers\SupplierController.php(48): CodeIgniter\BaseModel->findAll()
 6 SYSTEMPATH\CodeIgniter.php(934): App\Controllers\SupplierController->create()
 7 SYSTEMPATH\CodeIgniter.php(499): CodeIgniter\CodeIgniter->runController(Object(App\Controllers\SupplierController))
 8 SYSTEMPATH\CodeIgniter.php(368): CodeIgniter\CodeIgniter->handleRequest(null, Object(Config\Cache), false)
 9 FCPATH\index.php(67): CodeIgniter\CodeIgniter->run()
10 SYSTEMPATH\Commands\Server\rewrite.php(47): require_once('C:\\xampp\\htdocs\\semester4\\ProjectBengkelCI4\\public\\index.php')
ERROR - 2023-05-15 02:51:31 --> Error connecting to the database: mysqli_sql_exception: Access denied for user ''@'localhost' (using password: NO) in C:\xampp\htdocs\semester4\ProjectBengkelCI4\system\Database\MySQLi\Connection.php:174
Stack trace:
#0 C:\xampp\htdocs\semester4\ProjectBengkelCI4\system\Database\MySQLi\Connection.php(174): mysqli->real_connect('localhost', '', '', '', 3306, '', 0)
#1 C:\xampp\htdocs\semester4\ProjectBengkelCI4\system\Database\BaseConnection.php(391): CodeIgniter\Database\MySQLi\Connection->connect(false)
#2 C:\xampp\htdocs\semester4\ProjectBengkelCI4\system\Database\BaseConnection.php(574): CodeIgniter\Database\BaseConnection->initialize()
#3 C:\xampp\htdocs\semester4\ProjectBengkelCI4\system\Database\BaseBuilder.php(1616): CodeIgniter\Database\BaseConnection->query('SELECT *\nFROM `...', Array, false)
#4 C:\xampp\htdocs\semester4\ProjectBengkelCI4\system\Model.php(241): CodeIgniter\Database\BaseBuilder->get()
#5 C:\xampp\htdocs\semester4\ProjectBengkelCI4\system\BaseModel.php(618): CodeIgniter\Model->doFindAll(0, 0)
#6 C:\xampp\htdocs\semester4\ProjectBengkelCI4\app\Controllers\SupplierController.php(48): CodeIgniter\BaseModel->findAll()
#7 C:\xampp\htdocs\semester4\ProjectBengkelCI4\system\CodeIgniter.php(934): App\Controllers\SupplierController->create()
#8 C:\xampp\htdocs\semester4\ProjectBengkelCI4\system\CodeIgniter.php(499): CodeIgniter\CodeIgniter->runController(Object(App\Controllers\SupplierController))
#9 C:\xampp\htdocs\semester4\ProjectBengkelCI4\system\CodeIgniter.php(368): CodeIgniter\CodeIgniter->handleRequest(NULL, Object(Config\Cache), false)
#10 C:\xampp\htdocs\semester4\ProjectBengkelCI4\public\index.php(67): CodeIgniter\CodeIgniter->run()
#11 C:\xampp\htdocs\semester4\ProjectBengkelCI4\system\Commands\Server\rewrite.php(47): require_once('C:\\xampp\\htdocs...')
#12 {main}

Next CodeIgniter\Database\Exceptions\DatabaseException: Access denied for user ''@'localhost' (using password: NO) in C:\xampp\htdocs\semester4\ProjectBengkelCI4\system\Database\MySQLi\Connection.php:218
Stack trace:
#0 C:\xampp\htdocs\semester4\ProjectBengkelCI4\system\Database\BaseConnection.php(391): CodeIgniter\Database\MySQLi\Connection->connect(false)
#1 C:\xampp\htdocs\semester4\ProjectBengkelCI4\system\Database\BaseConnection.php(574): CodeIgniter\Database\BaseConnection->initialize()
#2 C:\xampp\htdocs\semester4\ProjectBengkelCI4\system\Database\BaseBuilder.php(1616): CodeIgniter\Database\BaseConnection->query('SELECT *\nFROM `...', Array, false)
#3 C:\xampp\htdocs\semester4\ProjectBengkelCI4\system\Model.php(241): CodeIgniter\Database\BaseBuilder->get()
#4 C:\xampp\htdocs\semester4\ProjectBengkelCI4\system\BaseModel.php(618): CodeIgniter\Model->doFindAll(0, 0)
#5 C:\xampp\htdocs\semester4\ProjectBengkelCI4\app\Controllers\SupplierController.php(48): CodeIgniter\BaseModel->findAll()
#6 C:\xampp\htdocs\semester4\ProjectBengkelCI4\system\CodeIgniter.php(934): App\Controllers\SupplierController->create()
#7 C:\xampp\htdocs\semester4\ProjectBengkelCI4\system\CodeIgniter.php(499): CodeIgniter\CodeIgniter->runController(Object(App\Controllers\SupplierController))
#8 C:\xampp\htdocs\semester4\ProjectBengkelCI4\system\CodeIgniter.php(368): CodeIgniter\CodeIgniter->handleRequest(NULL, Object(Config\Cache), false)
#9 C:\xampp\htdocs\semester4\ProjectBengkelCI4\public\index.php(67): CodeIgniter\CodeIgniter->run()
#10 C:\xampp\htdocs\semester4\ProjectBengkelCI4\system\Commands\Server\rewrite.php(47): require_once('C:\\xampp\\htdocs...')
#11 {main}
CRITICAL - 2023-05-15 02:51:31 --> Unable to connect to the database.
Main connection [MySQLi]: Access denied for user ''@'localhost' (using password: NO)
in SYSTEMPATH\Database\BaseConnection.php on line 427.
 1 SYSTEMPATH\Database\BaseConnection.php(574): CodeIgniter\Database\BaseConnection->initialize()
 2 SYSTEMPATH\Database\BaseBuilder.php(1616): CodeIgniter\Database\BaseConnection->query('SELECT *
FROM `suppliers`', [], false)
 3 SYSTEMPATH\Model.php(241): CodeIgniter\Database\BaseBuilder->get()
 4 SYSTEMPATH\BaseModel.php(618): CodeIgniter\Model->doFindAll(0, 0)
 5 APPPATH\Controllers\SupplierController.php(48): CodeIgniter\BaseModel->findAll()
 6 SYSTEMPATH\CodeIgniter.php(934): App\Controllers\SupplierController->create()
 7 SYSTEMPATH\CodeIgniter.php(499): CodeIgniter\CodeIgniter->runController(Object(App\Controllers\SupplierController))
 8 SYSTEMPATH\CodeIgniter.php(368): CodeIgniter\CodeIgniter->handleRequest(null, Object(Config\Cache), false)
 9 FCPATH\index.php(67): CodeIgniter\CodeIgniter->run()
10 SYSTEMPATH\Commands\Server\rewrite.php(47): require_once('C:\\xampp\\htdocs\\semester4\\ProjectBengkelCI4\\public\\index.php')
INFO - 2023-05-15 02:51:33 --> Session: Class initialized using 'CodeIgniter\Session\Handlers\FileHandler' driver.
INFO - 2023-05-15 02:51:34 --> Session: Class initialized using 'CodeIgniter\Session\Handlers\FileHandler' driver.
ERROR - 2023-05-15 02:51:34 --> Error connecting to the database: mysqli_sql_exception: Access denied for user ''@'localhost' (using password: NO) in C:\xampp\htdocs\semester4\ProjectBengkelCI4\system\Database\MySQLi\Connection.php:174
Stack trace:
#0 C:\xampp\htdocs\semester4\ProjectBengkelCI4\system\Database\MySQLi\Connection.php(174): mysqli->real_connect('localhost', '', '', '', 3306, '', 0)
#1 C:\xampp\htdocs\semester4\ProjectBengkelCI4\system\Database\BaseConnection.php(391): CodeIgniter\Database\MySQLi\Connection->connect(false)
#2 C:\xampp\htdocs\semester4\ProjectBengkelCI4\system\Database\BaseConnection.php(574): CodeIgniter\Database\BaseConnection->initialize()
#3 C:\xampp\htdocs\semester4\ProjectBengkelCI4\system\Database\BaseBuilder.php(1616): CodeIgniter\Database\BaseConnection->query('SELECT *\nFROM `...', Array, false)
#4 C:\xampp\htdocs\semester4\ProjectBengkelCI4\system\Model.php(241): CodeIgniter\Database\BaseBuilder->get()
#5 C:\xampp\htdocs\semester4\ProjectBengkelCI4\system\BaseModel.php(618): CodeIgniter\Model->doFindAll(0, 0)
#6 C:\xampp\htdocs\semester4\ProjectBengkelCI4\app\Controllers\SupplierController.php(48): CodeIgniter\BaseModel->findAll()
#7 C:\xampp\htdocs\semester4\ProjectBengkelCI4\system\CodeIgniter.php(934): App\Controllers\SupplierController->create()
#8 C:\xampp\htdocs\semester4\ProjectBengkelCI4\system\CodeIgniter.php(499): CodeIgniter\CodeIgniter->runController(Object(App\Controllers\SupplierController))
#9 C:\xampp\htdocs\semester4\ProjectBengkelCI4\system\CodeIgniter.php(368): CodeIgniter\CodeIgniter->handleRequest(NULL, Object(Config\Cache), false)
#10 C:\xampp\htdocs\semester4\ProjectBengkelCI4\public\index.php(67): CodeIgniter\CodeIgniter->run()
#11 C:\xampp\htdocs\semester4\ProjectBengkelCI4\system\Commands\Server\rewrite.php(47): require_once('C:\\xampp\\htdocs...')
#12 {main}

Next CodeIgniter\Database\Exceptions\DatabaseException: Access denied for user ''@'localhost' (using password: NO) in C:\xampp\htdocs\semester4\ProjectBengkelCI4\system\Database\MySQLi\Connection.php:218
Stack trace:
#0 C:\xampp\htdocs\semester4\ProjectBengkelCI4\system\Database\BaseConnection.php(391): CodeIgniter\Database\MySQLi\Connection->connect(false)
#1 C:\xampp\htdocs\semester4\ProjectBengkelCI4\system\Database\BaseConnection.php(574): CodeIgniter\Database\BaseConnection->initialize()
#2 C:\xampp\htdocs\semester4\ProjectBengkelCI4\system\Database\BaseBuilder.php(1616): CodeIgniter\Database\BaseConnection->query('SELECT *\nFROM `...', Array, false)
#3 C:\xampp\htdocs\semester4\ProjectBengkelCI4\system\Model.php(241): CodeIgniter\Database\BaseBuilder->get()
#4 C:\xampp\htdocs\semester4\ProjectBengkelCI4\system\BaseModel.php(618): CodeIgniter\Model->doFindAll(0, 0)
#5 C:\xampp\htdocs\semester4\ProjectBengkelCI4\app\Controllers\SupplierController.php(48): CodeIgniter\BaseModel->findAll()
#6 C:\xampp\htdocs\semester4\ProjectBengkelCI4\system\CodeIgniter.php(934): App\Controllers\SupplierController->create()
#7 C:\xampp\htdocs\semester4\ProjectBengkelCI4\system\CodeIgniter.php(499): CodeIgniter\CodeIgniter->runController(Object(App\Controllers\SupplierController))
#8 C:\xampp\htdocs\semester4\ProjectBengkelCI4\system\CodeIgniter.php(368): CodeIgniter\CodeIgniter->handleRequest(NULL, Object(Config\Cache), false)
#9 C:\xampp\htdocs\semester4\ProjectBengkelCI4\public\index.php(67): CodeIgniter\CodeIgniter->run()
#10 C:\xampp\htdocs\semester4\ProjectBengkelCI4\system\Commands\Server\rewrite.php(47): require_once('C:\\xampp\\htdocs...')
#11 {main}
CRITICAL - 2023-05-15 02:51:34 --> Unable to connect to the database.
Main connection [MySQLi]: Access denied for user ''@'localhost' (using password: NO)
in SYSTEMPATH\Database\BaseConnection.php on line 427.
 1 SYSTEMPATH\Database\BaseConnection.php(574): CodeIgniter\Database\BaseConnection->initialize()
 2 SYSTEMPATH\Database\BaseBuilder.php(1616): CodeIgniter\Database\BaseConnection->query('SELECT *
FROM `suppliers`', [], false)
 3 SYSTEMPATH\Model.php(241): CodeIgniter\Database\BaseBuilder->get()
 4 SYSTEMPATH\BaseModel.php(618): CodeIgniter\Model->doFindAll(0, 0)
 5 APPPATH\Controllers\SupplierController.php(48): CodeIgniter\BaseModel->findAll()
 6 SYSTEMPATH\CodeIgniter.php(934): App\Controllers\SupplierController->create()
 7 SYSTEMPATH\CodeIgniter.php(499): CodeIgniter\CodeIgniter->runController(Object(App\Controllers\SupplierController))
 8 SYSTEMPATH\CodeIgniter.php(368): CodeIgniter\CodeIgniter->handleRequest(null, Object(Config\Cache), false)
 9 FCPATH\index.php(67): CodeIgniter\CodeIgniter->run()
10 SYSTEMPATH\Commands\Server\rewrite.php(47): require_once('C:\\xampp\\htdocs\\semester4\\ProjectBengkelCI4\\public\\index.php')
CRITICAL - 2023-05-15 02:52:09 --> Invalid file: "pages/create.php"
in SYSTEMPATH\Exceptions\FrameworkException.php on line 33.
 1 SYSTEMPATH\View\View.php(201): CodeIgniter\Exceptions\FrameworkException::forInvalidFile('pages/create.php')
 2 SYSTEMPATH\Common.php(1184): CodeIgniter\View\View->render('pages/create', [], true)
 3 APPPATH\Controllers\SupplierController.php(50): view('pages/create', [...])
 4 SYSTEMPATH\CodeIgniter.php(934): App\Controllers\SupplierController->create()
 5 SYSTEMPATH\CodeIgniter.php(499): CodeIgniter\CodeIgniter->runController(Object(App\Controllers\SupplierController))
 6 SYSTEMPATH\CodeIgniter.php(368): CodeIgniter\CodeIgniter->handleRequest(null, Object(Config\Cache), false)
 7 FCPATH\index.php(67): CodeIgniter\CodeIgniter->run()
 8 SYSTEMPATH\Commands\Server\rewrite.php(47): require_once('C:\\xampp\\htdocs\\semester4\\ProjectBengkelCI4\\public\\index.php')
CRITICAL - 2023-05-15 02:52:41 --> Invalid file: "pages/create.php"
in SYSTEMPATH\Exceptions\FrameworkException.php on line 33.
 1 SYSTEMPATH\View\View.php(201): CodeIgniter\Exceptions\FrameworkException::forInvalidFile('pages/create.php')
 2 SYSTEMPATH\Common.php(1184): CodeIgniter\View\View->render('pages/create', [], true)
 3 APPPATH\Controllers\SupplierController.php(50): view('pages/create', [...])
 4 SYSTEMPATH\CodeIgniter.php(934): App\Controllers\SupplierController->create()
 5 SYSTEMPATH\CodeIgniter.php(499): CodeIgniter\CodeIgniter->runController(Object(App\Controllers\SupplierController))
 6 SYSTEMPATH\CodeIgniter.php(368): CodeIgniter\CodeIgniter->handleRequest(null, Object(Config\Cache), false)
 7 FCPATH\index.php(67): CodeIgniter\CodeIgniter->run()
 8 SYSTEMPATH\Commands\Server\rewrite.php(47): require_once('C:\\xampp\\htdocs\\semester4\\ProjectBengkelCI4\\public\\index.php')
CRITICAL - 2023-05-15 02:53:18 --> Invalid file: "pages/supplierCreate.php"
in SYSTEMPATH\Exceptions\FrameworkException.php on line 33.
 1 SYSTEMPATH\View\View.php(201): CodeIgniter\Exceptions\FrameworkException::forInvalidFile('pages/supplierCreate.php')
 2 SYSTEMPATH\Common.php(1184): CodeIgniter\View\View->render('pages/supplierCreate', [], true)
 3 APPPATH\Controllers\SupplierController.php(50): view('pages/supplierCreate', [...])
 4 SYSTEMPATH\CodeIgniter.php(934): App\Controllers\SupplierController->create()
 5 SYSTEMPATH\CodeIgniter.php(499): CodeIgniter\CodeIgniter->runController(Object(App\Controllers\SupplierController))
 6 SYSTEMPATH\CodeIgniter.php(368): CodeIgniter\CodeIgniter->handleRequest(null, Object(Config\Cache), false)
 7 FCPATH\index.php(67): CodeIgniter\CodeIgniter->run()
 8 SYSTEMPATH\Commands\Server\rewrite.php(47): require_once('C:\\xampp\\htdocs\\semester4\\ProjectBengkelCI4\\public\\index.php')
CRITICAL - 2023-05-15 02:53:19 --> Invalid file: "pages/supplierCreate.php"
in SYSTEMPATH\Exceptions\FrameworkException.php on line 33.
 1 SYSTEMPATH\View\View.php(201): CodeIgniter\Exceptions\FrameworkException::forInvalidFile('pages/supplierCreate.php')
 2 SYSTEMPATH\Common.php(1184): CodeIgniter\View\View->render('pages/supplierCreate', [], true)
 3 APPPATH\Controllers\SupplierController.php(50): view('pages/supplierCreate', [...])
 4 SYSTEMPATH\CodeIgniter.php(934): App\Controllers\SupplierController->create()
 5 SYSTEMPATH\CodeIgniter.php(499): CodeIgniter\CodeIgniter->runController(Object(App\Controllers\SupplierController))
 6 SYSTEMPATH\CodeIgniter.php(368): CodeIgniter\CodeIgniter->handleRequest(null, Object(Config\Cache), false)
 7 FCPATH\index.php(67): CodeIgniter\CodeIgniter->run()
 8 SYSTEMPATH\Commands\Server\rewrite.php(47): require_once('C:\\xampp\\htdocs\\semester4\\ProjectBengkelCI4\\public\\index.php')
INFO - 2023-05-15 02:53:20 --> Session: Class initialized using 'CodeIgniter\Session\Handlers\FileHandler' driver.
CRITICAL - 2023-05-15 02:53:20 --> Invalid file: "pages/supplierCreate.php"
in SYSTEMPATH\Exceptions\FrameworkException.php on line 33.
 1 SYSTEMPATH\View\View.php(201): CodeIgniter\Exceptions\FrameworkException::forInvalidFile('pages/supplierCreate.php')
 2 SYSTEMPATH\Common.php(1184): CodeIgniter\View\View->render('pages/supplierCreate', [], true)
 3 APPPATH\Controllers\SupplierController.php(50): view('pages/supplierCreate', [...])
 4 SYSTEMPATH\CodeIgniter.php(934): App\Controllers\SupplierController->create()
 5 SYSTEMPATH\CodeIgniter.php(499): CodeIgniter\CodeIgniter->runController(Object(App\Controllers\SupplierController))
 6 SYSTEMPATH\CodeIgniter.php(368): CodeIgniter\CodeIgniter->handleRequest(null, Object(Config\Cache), false)
 7 FCPATH\index.php(67): CodeIgniter\CodeIgniter->run()
 8 SYSTEMPATH\Commands\Server\rewrite.php(47): require_once('C:\\xampp\\htdocs\\semester4\\ProjectBengkelCI4\\public\\index.php')
INFO - 2023-05-15 02:53:32 --> Session: Class initialized using 'CodeIgniter\Session\Handlers\FileHandler' driver.
CRITICAL - 2023-05-15 02:54:20 --> Undefined array key "nama"
in APPPATH\Controllers\SupplierController.php on line 60.
 1 APPPATH\Controllers\SupplierController.php(60): CodeIgniter\Debug\Exceptions->errorHandler(2, 'Undefined array key "nama"', 'C:\\xampp\\htdocs\\semester4\\ProjectBengkelCI4\\app\\Controllers\\SupplierController.php', 60)
 2 SYSTEMPATH\CodeIgniter.php(934): App\Controllers\SupplierController->save()
 3 SYSTEMPATH\CodeIgniter.php(499): CodeIgniter\CodeIgniter->runController(Object(App\Controllers\SupplierController))
 4 SYSTEMPATH\CodeIgniter.php(368): CodeIgniter\CodeIgniter->handleRequest(null, Object(Config\Cache), false)
 5 FCPATH\index.php(67): CodeIgniter\CodeIgniter->run()
 6 SYSTEMPATH\Commands\Server\rewrite.php(47): require_once('C:\\xampp\\htdocs\\semester4\\ProjectBengkelCI4\\public\\index.php')
CRITICAL - 2023-05-15 02:55:07 --> Undefined variable $students
in APPPATH\Views\pages\data\supplierList.php on line 53.
 1 APPPATH\Views\pages\data\supplierList.php(53): CodeIgniter\Debug\Exceptions->errorHandler(2, 'Undefined variable $students', 'C:\\xampp\\htdocs\\semester4\\ProjectBengkelCI4\\app\\Views\\pages\\data\\supplierList.php', 53)
 2 SYSTEMPATH\View\View.php(213): include('C:\\xampp\\htdocs\\semester4\\ProjectBengkelCI4\\app\\Views\\pages\\data\\supplierList.php')
 3 SYSTEMPATH\View\View.php(216): CodeIgniter\View\View->CodeIgniter\View\{closure}()
 4 SYSTEMPATH\Common.php(1184): CodeIgniter\View\View->render('pages/data/supplierlist', [], true)
 5 APPPATH\Controllers\SupplierController.php(33): view('pages/data/supplierlist', [...])
 6 SYSTEMPATH\CodeIgniter.php(934): App\Controllers\SupplierController->list()
 7 SYSTEMPATH\CodeIgniter.php(499): CodeIgniter\CodeIgniter->runController(Object(App\Controllers\SupplierController))
 8 SYSTEMPATH\CodeIgniter.php(368): CodeIgniter\CodeIgniter->handleRequest(null, Object(Config\Cache), false)
 9 FCPATH\index.php(67): CodeIgniter\CodeIgniter->run()
10 SYSTEMPATH\Commands\Server\rewrite.php(47): require_once('C:\\xampp\\htdocs\\semester4\\ProjectBengkelCI4\\public\\index.php')
INFO - 2023-05-15 02:55:12 --> Session: Class initialized using 'CodeIgniter\Session\Handlers\FileHandler' driver.
CRITICAL - 2023-05-15 02:55:13 --> Undefined variable $students
in APPPATH\Views\pages\data\supplierList.php on line 53.
 1 APPPATH\Views\pages\data\supplierList.php(53): CodeIgniter\Debug\Exceptions->errorHandler(2, 'Undefined variable $students', 'C:\\xampp\\htdocs\\semester4\\ProjectBengkelCI4\\app\\Views\\pages\\data\\supplierList.php', 53)
 2 SYSTEMPATH\View\View.php(213): include('C:\\xampp\\htdocs\\semester4\\ProjectBengkelCI4\\app\\Views\\pages\\data\\supplierList.php')
 3 SYSTEMPATH\View\View.php(216): CodeIgniter\View\View->CodeIgniter\View\{closure}()
 4 SYSTEMPATH\Common.php(1184): CodeIgniter\View\View->render('pages/data/supplierlist', [], true)
 5 APPPATH\Controllers\SupplierController.php(33): view('pages/data/supplierlist', [...])
 6 SYSTEMPATH\CodeIgniter.php(934): App\Controllers\SupplierController->list()
 7 SYSTEMPATH\CodeIgniter.php(499): CodeIgniter\CodeIgniter->runController(Object(App\Controllers\SupplierController))
 8 SYSTEMPATH\CodeIgniter.php(368): CodeIgniter\CodeIgniter->handleRequest(null, Object(Config\Cache), false)
 9 FCPATH\index.php(67): CodeIgniter\CodeIgniter->run()
10 SYSTEMPATH\Commands\Server\rewrite.php(47): require_once('C:\\xampp\\htdocs\\semester4\\ProjectBengkelCI4\\public\\index.php')
INFO - 2023-05-15 02:55:48 --> Session: Class initialized using 'CodeIgniter\Session\Handlers\FileHandler' driver.
INFO - 2023-05-15 02:55:49 --> Session: Class initialized using 'CodeIgniter\Session\Handlers\FileHandler' driver.
INFO - 2023-05-15 02:55:51 --> Session: Class initialized using 'CodeIgniter\Session\Handlers\FileHandler' driver.
INFO - 2023-05-15 02:55:52 --> Session: Class initialized using 'CodeIgniter\Session\Handlers\FileHandler' driver.
INFO - 2023-05-15 08:47:18 --> Session: Class initialized using 'CodeIgniter\Session\Handlers\FileHandler' driver.
INFO - 2023-05-15 08:48:15 --> Session: Class initialized using 'CodeIgniter\Session\Handlers\FileHandler' driver.
CRITICAL - 2023-05-15 09:25:01 --> Undefined variable $products
in APPPATH\Views\pages\home.php on line 24.
 1 APPPATH\Views\pages\home.php(24): CodeIgniter\Debug\Exceptions->errorHandler(2, 'Undefined variable $products', 'C:\\xampp\\htdocs\\semester4\\ProjectBengkelCI4\\app\\Views\\pages\\home.php', 24)
 2 SYSTEMPATH\View\View.php(213): include('C:\\xampp\\htdocs\\semester4\\ProjectBengkelCI4\\app\\Views\\pages\\home.php')
 3 SYSTEMPATH\View\View.php(216): CodeIgniter\View\View->CodeIgniter\View\{closure}()
 4 SYSTEMPATH\Common.php(1184): CodeIgniter\View\View->render('pages/home', [], true)
 5 APPPATH\Controllers\MainController.php(23): view('pages/home')
 6 SYSTEMPATH\CodeIgniter.php(934): App\Controllers\MainController->index()
 7 SYSTEMPATH\CodeIgniter.php(499): CodeIgniter\CodeIgniter->runController(Object(App\Controllers\MainController))
 8 SYSTEMPATH\CodeIgniter.php(368): CodeIgniter\CodeIgniter->handleRequest(null, Object(Config\Cache), false)
 9 FCPATH\index.php(67): CodeIgniter\CodeIgniter->run()
10 SYSTEMPATH\Commands\Server\rewrite.php(47): require_once('C:\\xampp\\htdocs\\semester4\\ProjectBengkelCI4\\public\\index.php')
CRITICAL - 2023-05-15 09:27:04 --> Undefined variable $products
in APPPATH\Views\pages\home.php on line 24.
 1 APPPATH\Views\pages\home.php(24): CodeIgniter\Debug\Exceptions->errorHandler(2, 'Undefined variable $products', 'C:\\xampp\\htdocs\\semester4\\ProjectBengkelCI4\\app\\Views\\pages\\home.php', 24)
 2 SYSTEMPATH\View\View.php(213): include('C:\\xampp\\htdocs\\semester4\\ProjectBengkelCI4\\app\\Views\\pages\\home.php')
 3 SYSTEMPATH\View\View.php(216): CodeIgniter\View\View->CodeIgniter\View\{closure}()
 4 SYSTEMPATH\Common.php(1184): CodeIgniter\View\View->render('pages/home', [], true)
 5 APPPATH\Controllers\MainController.php(23): view('pages/home')
 6 SYSTEMPATH\CodeIgniter.php(934): App\Controllers\MainController->index()
 7 SYSTEMPATH\CodeIgniter.php(499): CodeIgniter\CodeIgniter->runController(Object(App\Controllers\MainController))
 8 SYSTEMPATH\CodeIgniter.php(368): CodeIgniter\CodeIgniter->handleRequest(null, Object(Config\Cache), false)
 9 FCPATH\index.php(67): CodeIgniter\CodeIgniter->run()
10 SYSTEMPATH\Commands\Server\rewrite.php(47): require_once('C:\\xampp\\htdocs\\semester4\\ProjectBengkelCI4\\public\\index.php')
CRITICAL - 2023-05-15 09:27:07 --> Undefined variable $products
in APPPATH\Views\pages\home.php on line 24.
 1 APPPATH\Views\pages\home.php(24): CodeIgniter\Debug\Exceptions->errorHandler(2, 'Undefined variable $products', 'C:\\xampp\\htdocs\\semester4\\ProjectBengkelCI4\\app\\Views\\pages\\home.php', 24)
 2 SYSTEMPATH\View\View.php(213): include('C:\\xampp\\htdocs\\semester4\\ProjectBengkelCI4\\app\\Views\\pages\\home.php')
 3 SYSTEMPATH\View\View.php(216): CodeIgniter\View\View->CodeIgniter\View\{closure}()
 4 SYSTEMPATH\Common.php(1184): CodeIgniter\View\View->render('pages/home', [], true)
 5 APPPATH\Controllers\MainController.php(23): view('pages/home')
 6 SYSTEMPATH\CodeIgniter.php(934): App\Controllers\MainController->index()
 7 SYSTEMPATH\CodeIgniter.php(499): CodeIgniter\CodeIgniter->runController(Object(App\Controllers\MainController))
 8 SYSTEMPATH\CodeIgniter.php(368): CodeIgniter\CodeIgniter->handleRequest(null, Object(Config\Cache), false)
 9 FCPATH\index.php(67): CodeIgniter\CodeIgniter->run()
10 SYSTEMPATH\Commands\Server\rewrite.php(47): require_once('C:\\xampp\\htdocs\\semester4\\ProjectBengkelCI4\\public\\index.php')
CRITICAL - 2023-05-15 09:27:48 --> Undefined variable $products
in APPPATH\Views\pages\home.php on line 24.
 1 APPPATH\Views\pages\home.php(24): CodeIgniter\Debug\Exceptions->errorHandler(2, 'Undefined variable $products', 'C:\\xampp\\htdocs\\semester4\\ProjectBengkelCI4\\app\\Views\\pages\\home.php', 24)
 2 SYSTEMPATH\View\View.php(213): include('C:\\xampp\\htdocs\\semester4\\ProjectBengkelCI4\\app\\Views\\pages\\home.php')
 3 SYSTEMPATH\View\View.php(216): CodeIgniter\View\View->CodeIgniter\View\{closure}()
 4 SYSTEMPATH\Common.php(1184): CodeIgniter\View\View->render('pages/home', [], true)
 5 APPPATH\Controllers\MainController.php(23): view('pages/home')
 6 SYSTEMPATH\CodeIgniter.php(934): App\Controllers\MainController->index()
 7 SYSTEMPATH\CodeIgniter.php(499): CodeIgniter\CodeIgniter->runController(Object(App\Controllers\MainController))
 8 SYSTEMPATH\CodeIgniter.php(368): CodeIgniter\CodeIgniter->handleRequest(null, Object(Config\Cache), false)
 9 FCPATH\index.php(67): CodeIgniter\CodeIgniter->run()
10 SYSTEMPATH\Commands\Server\rewrite.php(47): require_once('C:\\xampp\\htdocs\\semester4\\ProjectBengkelCI4\\public\\index.php')
INFO - 2023-05-15 09:28:07 --> Session: Class initialized using 'CodeIgniter\Session\Handlers\FileHandler' driver.
INFO - 2023-05-15 09:28:09 --> Session: Class initialized using 'CodeIgniter\Session\Handlers\FileHandler' driver.
INFO - 2023-05-15 09:28:37 --> Session: Class initialized using 'CodeIgniter\Session\Handlers\FileHandler' driver.
CRITICAL - 2023-05-15 09:29:46 --> Undefined array key "name"
in APPPATH\Controllers\SupplierController.php on line 60.
 1 APPPATH\Controllers\SupplierController.php(60): CodeIgniter\Debug\Exceptions->errorHandler(2, 'Undefined array key "name"', 'C:\\xampp\\htdocs\\semester4\\ProjectBengkelCI4\\app\\Controllers\\SupplierController.php', 60)
 2 SYSTEMPATH\CodeIgniter.php(934): App\Controllers\SupplierController->save()
 3 SYSTEMPATH\CodeIgniter.php(499): CodeIgniter\CodeIgniter->runController(Object(App\Controllers\SupplierController))
 4 SYSTEMPATH\CodeIgniter.php(368): CodeIgniter\CodeIgniter->handleRequest(null, Object(Config\Cache), false)
 5 FCPATH\index.php(67): CodeIgniter\CodeIgniter->run()
 6 SYSTEMPATH\Commands\Server\rewrite.php(47): require_once('C:\\xampp\\htdocs\\semester4\\ProjectBengkelCI4\\public\\index.php')
INFO - 2023-05-15 09:29:57 --> Session: Class initialized using 'CodeIgniter\Session\Handlers\FileHandler' driver.
INFO - 2023-05-15 09:29:58 --> Session: Class initialized using 'CodeIgniter\Session\Handlers\FileHandler' driver.
CRITICAL - 2023-05-15 09:30:15 --> Undefined array key "product_price "
in APPPATH\Controllers\ProductController.php on line 63.
 1 APPPATH\Controllers\ProductController.php(63): CodeIgniter\Debug\Exceptions->errorHandler(2, 'Undefined array key "product_price "', 'C:\\xampp\\htdocs\\semester4\\ProjectBengkelCI4\\app\\Controllers\\ProductController.php', 63)
 2 SYSTEMPATH\CodeIgniter.php(934): App\Controllers\ProductController->save()
 3 SYSTEMPATH\CodeIgniter.php(499): CodeIgniter\CodeIgniter->runController(Object(App\Controllers\ProductController))
 4 SYSTEMPATH\CodeIgniter.php(368): CodeIgniter\CodeIgniter->handleRequest(null, Object(Config\Cache), false)
 5 FCPATH\index.php(67): CodeIgniter\CodeIgniter->run()
 6 SYSTEMPATH\Commands\Server\rewrite.php(47): require_once('C:\\xampp\\htdocs\\semester4\\ProjectBengkelCI4\\public\\index.php')
ERROR - 2023-05-15 09:30:37 --> mysqli_sql_exception: Unknown column 'created_at' in 'field list' in C:\xampp\htdocs\semester4\ProjectBengkelCI4\system\Database\MySQLi\Connection.php:295
Stack trace:
#0 C:\xampp\htdocs\semester4\ProjectBengkelCI4\system\Database\MySQLi\Connection.php(295): mysqli->query('INSERT INTO `pr...', 0)
#1 C:\xampp\htdocs\semester4\ProjectBengkelCI4\system\Database\BaseConnection.php(692): CodeIgniter\Database\MySQLi\Connection->execute('INSERT INTO `pr...')
#2 C:\xampp\htdocs\semester4\ProjectBengkelCI4\system\Database\BaseConnection.php(606): CodeIgniter\Database\BaseConnection->simpleQuery('INSERT INTO `pr...')
#3 C:\xampp\htdocs\semester4\ProjectBengkelCI4\system\Database\BaseBuilder.php(2309): CodeIgniter\Database\BaseConnection->query('INSERT INTO `pr...', Array, false)
#4 C:\xampp\htdocs\semester4\ProjectBengkelCI4\system\Model.php(330): CodeIgniter\Database\BaseBuilder->insert()
#5 C:\xampp\htdocs\semester4\ProjectBengkelCI4\system\BaseModel.php(782): CodeIgniter\Model->doInsert(Array)
#6 C:\xampp\htdocs\semester4\ProjectBengkelCI4\system\Model.php(730): CodeIgniter\BaseModel->insert(Array, true)
#7 C:\xampp\htdocs\semester4\ProjectBengkelCI4\app\Controllers\ProductController.php(63): CodeIgniter\Model->insert(Array)
#8 C:\xampp\htdocs\semester4\ProjectBengkelCI4\system\CodeIgniter.php(934): App\Controllers\ProductController->save()
#9 C:\xampp\htdocs\semester4\ProjectBengkelCI4\system\CodeIgniter.php(499): CodeIgniter\CodeIgniter->runController(Object(App\Controllers\ProductController))
#10 C:\xampp\htdocs\semester4\ProjectBengkelCI4\system\CodeIgniter.php(368): CodeIgniter\CodeIgniter->handleRequest(NULL, Object(Config\Cache), false)
#11 C:\xampp\htdocs\semester4\ProjectBengkelCI4\public\index.php(67): CodeIgniter\CodeIgniter->run()
#12 C:\xampp\htdocs\semester4\ProjectBengkelCI4\system\Commands\Server\rewrite.php(47): require_once('C:\\xampp\\htdocs...')
#13 {main}
CRITICAL - 2023-05-15 09:30:37 --> Unknown column 'created_at' in 'field list'
in SYSTEMPATH\Database\MySQLi\Connection.php on line 295.
 1 SYSTEMPATH\Database\MySQLi\Connection.php(295): mysqli->query('INSERT INTO `products` (`product_name`, `product_image`, `product_qty`, `product_price`, `created_at`, `updated_at`) VALUES (\'oli\', \'download.jfif\', \'0\', \'20000\', \'2023-05-15 09:30:37\', \'2023-05-15 09:30:37\')', 0)
 2 SYSTEMPATH\Database\BaseConnection.php(692): CodeIgniter\Database\MySQLi\Connection->execute('INSERT INTO `products` (`product_name`, `product_image`, `product_qty`, `product_price`, `created_at`, `updated_at`) VALUES (\'oli\', \'download.jfif\', \'0\', \'20000\', \'2023-05-15 09:30:37\', \'2023-05-15 09:30:37\')')
 3 SYSTEMPATH\Database\BaseConnection.php(606): CodeIgniter\Database\BaseConnection->simpleQuery('INSERT INTO `products` (`product_name`, `product_image`, `product_qty`, `product_price`, `created_at`, `updated_at`) VALUES (\'oli\', \'download.jfif\', \'0\', \'20000\', \'2023-05-15 09:30:37\', \'2023-05-15 09:30:37\')')
 4 SYSTEMPATH\Database\BaseBuilder.php(2309): CodeIgniter\Database\BaseConnection->query('INSERT INTO `products` (`product_name`, `product_image`, `product_qty`, `product_price`, `created_at`, `updated_at`) VALUES (:product_name:, :product_image:, :product_qty:, :product_price:, :created_at:, :updated_at:)', [...], false)
 5 SYSTEMPATH\Model.php(330): CodeIgniter\Database\BaseBuilder->insert()
 6 SYSTEMPATH\BaseModel.php(782): CodeIgniter\Model->doInsert([...])
 7 SYSTEMPATH\Model.php(730): CodeIgniter\BaseModel->insert([...], true)
 8 APPPATH\Controllers\ProductController.php(63): CodeIgniter\Model->insert([...])
 9 SYSTEMPATH\CodeIgniter.php(934): App\Controllers\ProductController->save()
10 SYSTEMPATH\CodeIgniter.php(499): CodeIgniter\CodeIgniter->runController(Object(App\Controllers\ProductController))
11 SYSTEMPATH\CodeIgniter.php(368): CodeIgniter\CodeIgniter->handleRequest(null, Object(Config\Cache), false)
12 FCPATH\index.php(67): CodeIgniter\CodeIgniter->run()
13 SYSTEMPATH\Commands\Server\rewrite.php(47): require_once('C:\\xampp\\htdocs\\semester4\\ProjectBengkelCI4\\public\\index.php')
INFO - 2023-05-15 09:30:39 --> Session: Class initialized using 'CodeIgniter\Session\Handlers\FileHandler' driver.
ERROR - 2023-05-15 09:30:46 --> mysqli_sql_exception: Unknown column 'created_at' in 'field list' in C:\xampp\htdocs\semester4\ProjectBengkelCI4\system\Database\MySQLi\Connection.php:295
Stack trace:
#0 C:\xampp\htdocs\semester4\ProjectBengkelCI4\system\Database\MySQLi\Connection.php(295): mysqli->query('INSERT INTO `pr...', 0)
#1 C:\xampp\htdocs\semester4\ProjectBengkelCI4\system\Database\BaseConnection.php(692): CodeIgniter\Database\MySQLi\Connection->execute('INSERT INTO `pr...')
#2 C:\xampp\htdocs\semester4\ProjectBengkelCI4\system\Database\BaseConnection.php(606): CodeIgniter\Database\BaseConnection->simpleQuery('INSERT INTO `pr...')
#3 C:\xampp\htdocs\semester4\ProjectBengkelCI4\system\Database\BaseBuilder.php(2309): CodeIgniter\Database\BaseConnection->query('INSERT INTO `pr...', Array, false)
#4 C:\xampp\htdocs\semester4\ProjectBengkelCI4\system\Model.php(330): CodeIgniter\Database\BaseBuilder->insert()
#5 C:\xampp\htdocs\semester4\ProjectBengkelCI4\system\BaseModel.php(782): CodeIgniter\Model->doInsert(Array)
#6 C:\xampp\htdocs\semester4\ProjectBengkelCI4\system\Model.php(730): CodeIgniter\BaseModel->insert(Array, true)
#7 C:\xampp\htdocs\semester4\ProjectBengkelCI4\app\Controllers\ProductController.php(63): CodeIgniter\Model->insert(Array)
#8 C:\xampp\htdocs\semester4\ProjectBengkelCI4\system\CodeIgniter.php(934): App\Controllers\ProductController->save()
#9 C:\xampp\htdocs\semester4\ProjectBengkelCI4\system\CodeIgniter.php(499): CodeIgniter\CodeIgniter->runController(Object(App\Controllers\ProductController))
#10 C:\xampp\htdocs\semester4\ProjectBengkelCI4\system\CodeIgniter.php(368): CodeIgniter\CodeIgniter->handleRequest(NULL, Object(Config\Cache), false)
#11 C:\xampp\htdocs\semester4\ProjectBengkelCI4\public\index.php(67): CodeIgniter\CodeIgniter->run()
#12 C:\xampp\htdocs\semester4\ProjectBengkelCI4\system\Commands\Server\rewrite.php(47): require_once('C:\\xampp\\htdocs...')
#13 {main}
CRITICAL - 2023-05-15 09:30:46 --> Unknown column 'created_at' in 'field list'
in SYSTEMPATH\Database\MySQLi\Connection.php on line 295.
 1 SYSTEMPATH\Database\MySQLi\Connection.php(295): mysqli->query('INSERT INTO `products` (`product_name`, `product_image`, `product_qty`, `product_price`, `created_at`, `updated_at`) VALUES (\'oli\', \'download.jfif\', \'0\', \'20000\', \'2023-05-15 09:30:46\', \'2023-05-15 09:30:46\')', 0)
 2 SYSTEMPATH\Database\BaseConnection.php(692): CodeIgniter\Database\MySQLi\Connection->execute('INSERT INTO `products` (`product_name`, `product_image`, `product_qty`, `product_price`, `created_at`, `updated_at`) VALUES (\'oli\', \'download.jfif\', \'0\', \'20000\', \'2023-05-15 09:30:46\', \'2023-05-15 09:30:46\')')
 3 SYSTEMPATH\Database\BaseConnection.php(606): CodeIgniter\Database\BaseConnection->simpleQuery('INSERT INTO `products` (`product_name`, `product_image`, `product_qty`, `product_price`, `created_at`, `updated_at`) VALUES (\'oli\', \'download.jfif\', \'0\', \'20000\', \'2023-05-15 09:30:46\', \'2023-05-15 09:30:46\')')
 4 SYSTEMPATH\Database\BaseBuilder.php(2309): CodeIgniter\Database\BaseConnection->query('INSERT INTO `products` (`product_name`, `product_image`, `product_qty`, `product_price`, `created_at`, `updated_at`) VALUES (:product_name:, :product_image:, :product_qty:, :product_price:, :created_at:, :updated_at:)', [...], false)
 5 SYSTEMPATH\Model.php(330): CodeIgniter\Database\BaseBuilder->insert()
 6 SYSTEMPATH\BaseModel.php(782): CodeIgniter\Model->doInsert([...])
 7 SYSTEMPATH\Model.php(730): CodeIgniter\BaseModel->insert([...], true)
 8 APPPATH\Controllers\ProductController.php(63): CodeIgniter\Model->insert([...])
 9 SYSTEMPATH\CodeIgniter.php(934): App\Controllers\ProductController->save()
10 SYSTEMPATH\CodeIgniter.php(499): CodeIgniter\CodeIgniter->runController(Object(App\Controllers\ProductController))
11 SYSTEMPATH\CodeIgniter.php(368): CodeIgniter\CodeIgniter->handleRequest(null, Object(Config\Cache), false)
12 FCPATH\index.php(67): CodeIgniter\CodeIgniter->run()
13 SYSTEMPATH\Commands\Server\rewrite.php(47): require_once('C:\\xampp\\htdocs\\semester4\\ProjectBengkelCI4\\public\\index.php')
INFO - 2023-05-15 09:32:21 --> Session: Class initialized using 'CodeIgniter\Session\Handlers\FileHandler' driver.
ERROR - 2023-05-15 09:32:25 --> mysqli_sql_exception: Unknown column 'updated_at' in 'field list' in C:\xampp\htdocs\semester4\ProjectBengkelCI4\system\Database\MySQLi\Connection.php:295
Stack trace:
#0 C:\xampp\htdocs\semester4\ProjectBengkelCI4\system\Database\MySQLi\Connection.php(295): mysqli->query('INSERT INTO `pr...', 0)
#1 C:\xampp\htdocs\semester4\ProjectBengkelCI4\system\Database\BaseConnection.php(692): CodeIgniter\Database\MySQLi\Connection->execute('INSERT INTO `pr...')
#2 C:\xampp\htdocs\semester4\ProjectBengkelCI4\system\Database\BaseConnection.php(606): CodeIgniter\Database\BaseConnection->simpleQuery('INSERT INTO `pr...')
#3 C:\xampp\htdocs\semester4\ProjectBengkelCI4\system\Database\BaseBuilder.php(2309): CodeIgniter\Database\BaseConnection->query('INSERT INTO `pr...', Array, false)
#4 C:\xampp\htdocs\semester4\ProjectBengkelCI4\system\Model.php(330): CodeIgniter\Database\BaseBuilder->insert()
#5 C:\xampp\htdocs\semester4\ProjectBengkelCI4\system\BaseModel.php(782): CodeIgniter\Model->doInsert(Array)
#6 C:\xampp\htdocs\semester4\ProjectBengkelCI4\system\Model.php(730): CodeIgniter\BaseModel->insert(Array, true)
#7 C:\xampp\htdocs\semester4\ProjectBengkelCI4\app\Controllers\ProductController.php(63): CodeIgniter\Model->insert(Array)
#8 C:\xampp\htdocs\semester4\ProjectBengkelCI4\system\CodeIgniter.php(934): App\Controllers\ProductController->save()
#9 C:\xampp\htdocs\semester4\ProjectBengkelCI4\system\CodeIgniter.php(499): CodeIgniter\CodeIgniter->runController(Object(App\Controllers\ProductController))
#10 C:\xampp\htdocs\semester4\ProjectBengkelCI4\system\CodeIgniter.php(368): CodeIgniter\CodeIgniter->handleRequest(NULL, Object(Config\Cache), false)
#11 C:\xampp\htdocs\semester4\ProjectBengkelCI4\public\index.php(67): CodeIgniter\CodeIgniter->run()
#12 C:\xampp\htdocs\semester4\ProjectBengkelCI4\system\Commands\Server\rewrite.php(47): require_once('C:\\xampp\\htdocs...')
#13 {main}
CRITICAL - 2023-05-15 09:32:25 --> Unknown column 'updated_at' in 'field list'
in SYSTEMPATH\Database\MySQLi\Connection.php on line 295.
 1 SYSTEMPATH\Database\MySQLi\Connection.php(295): mysqli->query('INSERT INTO `products` (`product_name`, `product_image`, `product_qty`, `product_price`, `created_at`, `updated_at`) VALUES (\'oli\', \'download.jfif\', \'0\', \'20000\', \'2023-05-15 09:32:25\', \'2023-05-15 09:32:25\')', 0)
 2 SYSTEMPATH\Database\BaseConnection.php(692): CodeIgniter\Database\MySQLi\Connection->execute('INSERT INTO `products` (`product_name`, `product_image`, `product_qty`, `product_price`, `created_at`, `updated_at`) VALUES (\'oli\', \'download.jfif\', \'0\', \'20000\', \'2023-05-15 09:32:25\', \'2023-05-15 09:32:25\')')
 3 SYSTEMPATH\Database\BaseConnection.php(606): CodeIgniter\Database\BaseConnection->simpleQuery('INSERT INTO `products` (`product_name`, `product_image`, `product_qty`, `product_price`, `created_at`, `updated_at`) VALUES (\'oli\', \'download.jfif\', \'0\', \'20000\', \'2023-05-15 09:32:25\', \'2023-05-15 09:32:25\')')
 4 SYSTEMPATH\Database\BaseBuilder.php(2309): CodeIgniter\Database\BaseConnection->query('INSERT INTO `products` (`product_name`, `product_image`, `product_qty`, `product_price`, `created_at`, `updated_at`) VALUES (:product_name:, :product_image:, :product_qty:, :product_price:, :created_at:, :updated_at:)', [...], false)
 5 SYSTEMPATH\Model.php(330): CodeIgniter\Database\BaseBuilder->insert()
 6 SYSTEMPATH\BaseModel.php(782): CodeIgniter\Model->doInsert([...])
 7 SYSTEMPATH\Model.php(730): CodeIgniter\BaseModel->insert([...], true)
 8 APPPATH\Controllers\ProductController.php(63): CodeIgniter\Model->insert([...])
 9 SYSTEMPATH\CodeIgniter.php(934): App\Controllers\ProductController->save()
10 SYSTEMPATH\CodeIgniter.php(499): CodeIgniter\CodeIgniter->runController(Object(App\Controllers\ProductController))
11 SYSTEMPATH\CodeIgniter.php(368): CodeIgniter\CodeIgniter->handleRequest(null, Object(Config\Cache), false)
12 FCPATH\index.php(67): CodeIgniter\CodeIgniter->run()
13 SYSTEMPATH\Commands\Server\rewrite.php(47): require_once('C:\\xampp\\htdocs\\semester4\\ProjectBengkelCI4\\public\\index.php')
INFO - 2023-05-15 09:32:33 --> Session: Class initialized using 'CodeIgniter\Session\Handlers\FileHandler' driver.
INFO - 2023-05-15 09:32:34 --> Session: Class initialized using 'CodeIgniter\Session\Handlers\FileHandler' driver.
CRITICAL - 2023-05-15 09:39:01 --> Undefined variable $products
in APPPATH\Views\pages\data\productList.php on line 53.
 1 APPPATH\Views\pages\data\productList.php(53): CodeIgniter\Debug\Exceptions->errorHandler(2, 'Undefined variable $products', 'C:\\xampp\\htdocs\\semester4\\ProjectBengkelCI4\\app\\Views\\pages\\data\\productList.php', 53)
 2 SYSTEMPATH\View\View.php(213): include('C:\\xampp\\htdocs\\semester4\\ProjectBengkelCI4\\app\\Views\\pages\\data\\productList.php')
 3 SYSTEMPATH\View\View.php(216): CodeIgniter\View\View->CodeIgniter\View\{closure}()
 4 SYSTEMPATH\Common.php(1184): CodeIgniter\View\View->render('pages/data/productList', [], true)
 5 APPPATH\Controllers\ProductController.php(42): view('pages/data/productList', [...])
 6 SYSTEMPATH\CodeIgniter.php(934): App\Controllers\ProductController->list()
 7 SYSTEMPATH\CodeIgniter.php(499): CodeIgniter\CodeIgniter->runController(Object(App\Controllers\ProductController))
 8 SYSTEMPATH\CodeIgniter.php(368): CodeIgniter\CodeIgniter->handleRequest(null, Object(Config\Cache), false)
 9 FCPATH\index.php(67): CodeIgniter\CodeIgniter->run()
10 SYSTEMPATH\Commands\Server\rewrite.php(47): require_once('C:\\xampp\\htdocs\\semester4\\ProjectBengkelCI4\\public\\index.php')
CRITICAL - 2023-05-15 09:39:47 --> Undefined variable $products
in APPPATH\Controllers\ProductController.php on line 40.
 1 APPPATH\Controllers\ProductController.php(40): CodeIgniter\Debug\Exceptions->errorHandler(2, 'Undefined variable $products', 'C:\\xampp\\htdocs\\semester4\\ProjectBengkelCI4\\app\\Controllers\\ProductController.php', 40)
 2 SYSTEMPATH\CodeIgniter.php(934): App\Controllers\ProductController->list()
 3 SYSTEMPATH\CodeIgniter.php(499): CodeIgniter\CodeIgniter->runController(Object(App\Controllers\ProductController))
 4 SYSTEMPATH\CodeIgniter.php(368): CodeIgniter\CodeIgniter->handleRequest(null, Object(Config\Cache), false)
 5 FCPATH\index.php(67): CodeIgniter\CodeIgniter->run()
 6 SYSTEMPATH\Commands\Server\rewrite.php(47): require_once('C:\\xampp\\htdocs\\semester4\\ProjectBengkelCI4\\public\\index.php')
INFO - 2023-05-15 09:39:57 --> Session: Class initialized using 'CodeIgniter\Session\Handlers\FileHandler' driver.
INFO - 2023-05-15 09:39:59 --> Session: Class initialized using 'CodeIgniter\Session\Handlers\FileHandler' driver.
